2021-03-06 13:31:16 E:\CocosDashboard\resources\.editors\Creator\3.0.0\resources\tools\lightmap-tools/LightFX http://127.0.0.1:8000 
2021-03-06 13:31:16 Load Texture 'F:\yilipublic\good3DProRES\assets\model\res\dianchi\dc.jpg' failed
2021-03-06 13:31:16 Load Texture 'F:\yilipublic\good3DProRES\assets\model\res\dianchi\dc.jpg' failed
2021-03-06 13:31:16 -:Building meshes
2021-03-06 13:31:16 -:Building terrain
2021-03-06 13:31:16 -:Building bv scene
2021-03-06 13:31:17 Start 0

2021-03-06 13:31:17 Build lighting 33

2021-03-06 13:31:17 Build lighting 66

2021-03-06 13:31:17 Build lighting 100

2021-03-06 13:31:17 Save world...
2021-03-06 13:31:17 Writing lfx file 'output/lfx.o'
2021-03-06 13:31:17 Pack mesh 0
2021-03-06 13:31:17 Pack mesh 1
2021-03-06 13:31:18 Save lighting map output/LFX_Mesh_0000.png
2021-03-06 13:31:18 Writing lfx file end.
2021-03-06 13:31:18 Save world end.
2021-03-06 13:31:18 Clear world...
2021-03-06 13:31:18 Clear world end.
2021-03-06 13:31:18 Emit finished
2021-03-06 13:31:18 Delete world
2021-03-06 13:31:18 Wait to stop
