2021-03-06 13:18:41 E:\CocosDashboard\resources\.editors\Creator\3.0.0\resources\tools\lightmap-tools/LightFX http://127.0.0.1:8000 
2021-03-06 13:18:41 -:Building meshes
2021-03-06 13:18:41 -:Building terrain
2021-03-06 13:18:41 -:Building bv scene
2021-03-06 13:18:42 Start 0

2021-03-06 13:18:42 Build lighting 14

2021-03-06 13:18:42 Build lighting 28

2021-03-06 13:18:42 Build lighting 42

2021-03-06 13:18:42 Build lighting 57

2021-03-06 13:18:42 Build lighting 71

2021-03-06 13:18:42 Build lighting 85

2021-03-06 13:18:42 Build lighting 100

2021-03-06 13:18:42 Save world...
2021-03-06 13:18:42 Writing lfx file 'output/lfx.o'
2021-03-06 13:18:42 Pack mesh 0
2021-03-06 13:18:42 Pack mesh 1
2021-03-06 13:18:42 Pack mesh 2
2021-03-06 13:18:42 Pack mesh 3
2021-03-06 13:18:42 Pack mesh 4
2021-03-06 13:18:42 Pack mesh 5
2021-03-06 13:18:42 Save lighting map output/LFX_Mesh_0000.png
2021-03-06 13:18:42 Writing lfx file end.
2021-03-06 13:18:42 Save world end.
2021-03-06 13:18:42 Clear world...
2021-03-06 13:18:42 Clear world end.
2021-03-06 13:18:42 Emit finished
2021-03-06 13:18:42 Delete world
2021-03-06 13:18:42 Wait to stop
